# JRE version: OpenJDK Runtime Environment (11.0.11+9) (build 11.0.11+9-b60-7590822)
# Java VM: OpenJDK 64-Bit Server VM (11.0.11+9-b60-7590822, mixed mode, tiered, compressed oops, g1 gc, windows-amd64)
Heap:
 garbage-first heap   total 239616K, used 160268K [0x0000000080000000, 0x0000000100000000)
  region size 1024K, 12 young (12288K), 8 survivors (8192K)
 Metaspace       used 124152K, capacity 127733K, committed 128000K, reserved 1159168K
  class space    used 15958K, capacity 17299K, committed 17408K, reserved 1048576K
GC Heap History (20 events):
Event: 56.609 GC heap before
{Heap before GC invocations=58 (full 0):
 garbage-first heap   total 239616K, used 196679K [0x0000000080000000, 0x0000000100000000)
  region size 1024K, 76 young (77824K), 7 survivors (7168K)
 Metaspace       used 106278K, capacity 109142K, committed 109312K, reserved 1144832K
  class space    used 13559K, capacity 14586K, committed 14592K, reserved 1048576K
}
Event: 56.752 GC heap after
{Heap after GC invocations=59 (full 0):
 garbage-first heap   total 239616K, used 134143K [0x0000000080000000, 0x0000000100000000)
  region size 1024K, 10 young (10240K), 10 survivors (10240K)
 Metaspace       used 106278K, capacity 109142K, committed 109312K, reserved 1144832K
  class space    used 13559K, capacity 14586K, committed 14592K, reserved 1048576K
}
Event: 59.134 GC heap before
{Heap before GC invocations=59 (full 0):
 garbage-first heap   total 239616K, used 196607K [0x0000000080000000, 0x0000000100000000)
  region size 1024K, 72 young (73728K), 10 survivors (10240K)
 Metaspace       used 107415K, capacity 110325K, committed 110464K, reserved 1144832K
  class space    used 13759K, capacity 14849K, committed 14976K, reserved 1048576K
}
Event: 59.203 GC heap after
{Heap after GC invocations=60 (full 0):
 garbage-first heap   total 239616K, used 140168K [0x0000000080000000, 0x0000000100000000)
  region size 1024K, 6 young (6144K), 6 survivors (6144K)
 Metaspace       used 107415K, capacity 110325K, committed 110464K, reserved 1144832K
  class space    used 13759K, capacity 14849K, committed 14976K, reserved 1048576K
}
Event: 65.610 GC heap before
{Heap before GC invocations=61 (full 0):
 garbage-first heap   total 239616K, used 198536K [0x0000000080000000, 0x0000000100000000)
  region size 1024K, 64 young (65536K), 6 survivors (6144K)
 Metaspace       used 110134K, capacity 113261K, committed 113536K, reserved 1146880K
  class space    used 14190K, capacity 15362K, committed 15488K, reserved 1048576K
}
Event: 65.650 GC heap after
{Heap after GC invocations=62 (full 0):
 garbage-first heap   total 239616K, used 144065K [0x0000000080000000, 0x0000000100000000)
  region size 1024K, 4 young (4096K), 4 survivors (4096K)
 Metaspace       used 110134K, capacity 113261K, committed 113536K, reserved 1146880K
  class space    used 14190K, capacity 15362K, committed 15488K, reserved 1048576K
}
Event: 115.633 GC heap before
{Heap before GC invocations=62 (full 0):
 garbage-first heap   total 239616K, used 151233K [0x0000000080000000, 0x0000000100000000)
  region size 1024K, 11 young (11264K), 4 survivors (4096K)
 Metaspace       used 110559K, capacity 113782K, committed 114048K, reserved 1148928K
  class space    used 14258K, capacity 15414K, committed 15488K, reserved 1048576K
}
Event: 115.795 GC heap after
{Heap after GC invocations=63 (full 0):
 garbage-first heap   total 239616K, used 143136K [0x0000000080000000, 0x0000000100000000)
  region size 1024K, 1 young (1024K), 1 survivors (1024K)
 Metaspace       used 110559K, capacity 113782K, committed 114048K, reserved 1148928K
  class space    used 14258K, capacity 15414K, committed 15488K, reserved 1048576K
}
Event: 121.618 GC heap before
{Heap before GC invocations=63 (full 0):
 garbage-first heap   total 239616K, used 199456K [0x0000000080000000, 0x0000000100000000)
  region size 1024K, 57 young (58368K), 1 survivors (1024K)
 Metaspace       used 116476K, capacity 119757K, committed 119936K, reserved 1153024K
  class space    used 15001K, capacity 16232K, committed 16256K, reserved 1048576K
}
Event: 121.682 GC heap after
{Heap after GC invocations=64 (full 0):
 garbage-first heap   total 239616K, used 143985K [0x0000000080000000, 0x0000000100000000)
  region size 1024K, 2 young (2048K), 2 survivors (2048K)
 Metaspace       used 116476K, capacity 119757K, committed 119936K, reserved 1153024K
  class space    used 15001K, capacity 16232K, committed 16256K, reserved 1048576K
}
Event: 133.298 GC heap before
{Heap before GC invocations=65 (full 0):
 garbage-first heap   total 239616K, used 203377K [0x0000000080000000, 0x0000000100000000)
  region size 1024K, 59 young (60416K), 2 survivors (2048K)
 Metaspace       used 119137K, capacity 122474K, committed 122496K, reserved 1155072K
  class space    used 15287K, capacity 16500K, committed 16512K, reserved 1048576K
}
Event: 133.518 GC heap after
{Heap after GC invocations=66 (full 0):
 garbage-first heap   total 239616K, used 150809K [0x0000000080000000, 0x0000000100000000)
  region size 1024K, 7 young (7168K), 7 survivors (7168K)
 Metaspace       used 119137K, capacity 122474K, committed 122496K, reserved 1155072K
  class space    used 15287K, capacity 16500K, committed 16512K, reserved 1048576K
}
Event: 134.541 GC heap before
{Heap before GC invocations=66 (full 0):
 garbage-first heap   total 239616K, used 153881K [0x0000000080000000, 0x0000000100000000)
  region size 1024K, 11 young (11264K), 7 survivors (7168K)
 Metaspace       used 119140K, capacity 122474K, committed 122496K, reserved 1155072K
  class space    used 15287K, capacity 16500K, committed 16512K, reserved 1048576K
}
Event: 134.672 GC heap after
{Heap after GC invocations=67 (full 0):
 garbage-first heap   total 239616K, used 146407K [0x0000000080000000, 0x0000000100000000)
  region size 1024K, 2 young (2048K), 2 survivors (2048K)
 Metaspace       used 119140K, capacity 122474K, committed 122496K, reserved 1155072K
  class space    used 15287K, capacity 16500K, committed 16512K, reserved 1048576K
}
Event: 137.723 GC heap before
{Heap before GC invocations=67 (full 0):
 garbage-first heap   total 239616K, used 199655K [0x0000000080000000, 0x0000000100000000)
  region size 1024K, 55 young (56320K), 2 survivors (2048K)
 Metaspace       used 119249K, capacity 122623K, committed 122880K, reserved 1155072K
  class space    used 15302K, capacity 16546K, committed 16640K, reserved 1048576K
}
Event: 137.760 GC heap after
{Heap after GC invocations=68 (full 0):
 garbage-first heap   total 239616K, used 147130K [0x0000000080000000, 0x0000000100000000)
  region size 1024K, 2 young (2048K), 2 survivors (2048K)
 Metaspace       used 119249K, capacity 122623K, committed 122880K, reserved 1155072K
  class space    used 15302K, capacity 16546K, committed 16640K, reserved 1048576K
}
Event: 143.009 GC heap before
{Heap before GC invocations=69 (full 0):
 garbage-first heap   total 239616K, used 198330K [0x0000000080000000, 0x0000000100000000)
  region size 1024K, 54 young (55296K), 2 survivors (2048K)
 Metaspace       used 120534K, capacity 123946K, committed 124160K, reserved 1157120K
  class space    used 15467K, capacity 16770K, committed 16896K, reserved 1048576K
}
Event: 143.061 GC heap after
{Heap after GC invocations=70 (full 0):
 garbage-first heap   total 239616K, used 149317K [0x0000000080000000, 0x0000000100000000)
  region size 1024K, 4 young (4096K), 4 survivors (4096K)
 Metaspace       used 120534K, capacity 123946K, committed 124160K, reserved 1157120K
  class space    used 15467K, capacity 16770K, committed 16896K, reserved 1048576K
}
Event: 151.232 GC heap before
{Heap before GC invocations=71 (full 0):
 garbage-first heap   total 239616K, used 204613K [0x0000000080000000, 0x0000000100000000)
  region size 1024K, 57 young (58368K), 4 survivors (4096K)
 Metaspace       used 123917K, capacity 127512K, committed 127616K, reserved 1159168K
  class space    used 15925K, capacity 17272K, committed 17280K, reserved 1048576K
}
Event: 151.492 GC heap after
{Heap after GC invocations=72 (full 0):
 garbage-first heap   total 239616K, used 157196K [0x0000000080000000, 0x0000000100000000)
  region size 1024K, 8 young (8192K), 8 survivors (8192K)
 Metaspace       used 123917K, capacity 127512K, committed 127616K, reserved 1159168K
  class space    used 15925K, capacity 17272K, committed 17280K, reserved 1048576K
}

