# JRE version: OpenJDK Runtime Environment (11.0.11+9) (build 11.0.11+9-b60-7590822)
# Java VM: OpenJDK 64-Bit Server VM (11.0.11+9-b60-7590822, mixed mode, tiered, compressed oops, g1 gc, windows-amd64)
Heap:
 garbage-first heap   total 294912K, used 111104K [0x0000000080000000, 0x0000000100000000)
  region size 1024K, 22 young (22528K), 11 survivors (11264K)
 Metaspace       used 97610K, capacity 99816K, committed 100124K, reserved 1136640K
  class space    used 12273K, capacity 13116K, committed 13184K, reserved 1048576K
GC Heap History (20 events):
Event: 30.822 GC heap before
{Heap before GC invocations=48 (full 0):
 garbage-first heap   total 157696K, used 111599K [0x0000000080000000, 0x0000000100000000)
  region size 1024K, 46 young (47104K), 4 survivors (4096K)
 Metaspace       used 81101K, capacity 82893K, committed 83100K, reserved 1122304K
  class space    used 10526K, capacity 11217K, committed 11264K, reserved 1048576K
}
Event: 30.840 GC heap after
{Heap after GC invocations=49 (full 0):
 garbage-first heap   total 157696K, used 71506K [0x0000000080000000, 0x0000000100000000)
  region size 1024K, 6 young (6144K), 6 survivors (6144K)
 Metaspace       used 81101K, capacity 82893K, committed 83100K, reserved 1122304K
  class space    used 10526K, capacity 11217K, committed 11264K, reserved 1048576K
}
Event: 34.402 GC heap before
{Heap before GC invocations=49 (full 0):
 garbage-first heap   total 157696K, used 126802K [0x0000000080000000, 0x0000000100000000)
  region size 1024K, 60 young (61440K), 6 survivors (6144K)
 Metaspace       used 84361K, capacity 86402K, committed 86556K, reserved 1124352K
  class space    used 11018K, capacity 11800K, committed 11904K, reserved 1048576K
}
Event: 34.466 GC heap after
{Heap after GC invocations=50 (full 0):
 garbage-first heap   total 157696K, used 75395K [0x0000000080000000, 0x0000000100000000)
  region size 1024K, 8 young (8192K), 8 survivors (8192K)
 Metaspace       used 84361K, capacity 86402K, committed 86556K, reserved 1124352K
  class space    used 11018K, capacity 11800K, committed 11904K, reserved 1048576K
}
Event: 36.902 GC heap before
{Heap before GC invocations=50 (full 0):
 garbage-first heap   total 157696K, used 125571K [0x0000000080000000, 0x0000000100000000)
  region size 1024K, 58 young (59392K), 8 survivors (8192K)
 Metaspace       used 84723K, capacity 86721K, committed 87068K, reserved 1124352K
  class space    used 11025K, capacity 11810K, committed 11904K, reserved 1048576K
}
Event: 36.952 GC heap after
{Heap after GC invocations=51 (full 0):
 garbage-first heap   total 157696K, used 78813K [0x0000000080000000, 0x0000000100000000)
  region size 1024K, 8 young (8192K), 8 survivors (8192K)
 Metaspace       used 84723K, capacity 86721K, committed 87068K, reserved 1124352K
  class space    used 11025K, capacity 11810K, committed 11904K, reserved 1048576K
}
Event: 37.445 GC heap before
{Heap before GC invocations=51 (full 0):
 garbage-first heap   total 157696K, used 87005K [0x0000000080000000, 0x0000000100000000)
  region size 1024K, 18 young (18432K), 8 survivors (8192K)
 Metaspace       used 85654K, capacity 87655K, committed 87836K, reserved 1126400K
  class space    used 11099K, capacity 11886K, committed 11904K, reserved 1048576K
}
Event: 37.485 GC heap after
{Heap after GC invocations=52 (full 0):
 garbage-first heap   total 195584K, used 79493K [0x0000000080000000, 0x0000000100000000)
  region size 1024K, 4 young (4096K), 4 survivors (4096K)
 Metaspace       used 85654K, capacity 87655K, committed 87836K, reserved 1126400K
  class space    used 11099K, capacity 11886K, committed 11904K, reserved 1048576K
}
Event: 39.581 GC heap before
{Heap before GC invocations=53 (full 0):
 garbage-first heap   total 195584K, used 136837K [0x0000000080000000, 0x0000000100000000)
  region size 1024K, 50 young (51200K), 4 survivors (4096K)
 Metaspace       used 86743K, capacity 88672K, committed 88732K, reserved 1126400K
  class space    used 11208K, capacity 11990K, committed 12032K, reserved 1048576K
}
Event: 39.725 GC heap after
{Heap after GC invocations=54 (full 0):
 garbage-first heap   total 195584K, used 102933K [0x0000000080000000, 0x0000000100000000)
  region size 1024K, 9 young (9216K), 9 survivors (9216K)
 Metaspace       used 86743K, capacity 88672K, committed 88732K, reserved 1126400K
  class space    used 11208K, capacity 11990K, committed 12032K, reserved 1048576K
}
Event: 45.532 GC heap before
{Heap before GC invocations=55 (full 0):
 garbage-first heap   total 195584K, used 155157K [0x0000000080000000, 0x0000000100000000)
  region size 1024K, 53 young (54272K), 9 survivors (9216K)
 Metaspace       used 90657K, capacity 92665K, committed 92828K, reserved 1130496K
  class space    used 11610K, capacity 12423K, committed 12544K, reserved 1048576K
}
Event: 45.648 GC heap after
{Heap after GC invocations=56 (full 0):
 garbage-first heap   total 195584K, used 101774K [0x0000000080000000, 0x0000000100000000)
  region size 1024K, 3 young (3072K), 3 survivors (3072K)
 Metaspace       used 90657K, capacity 92665K, committed 92828K, reserved 1130496K
  class space    used 11610K, capacity 12423K, committed 12544K, reserved 1048576K
}
Event: 48.812 GC heap before
{Heap before GC invocations=56 (full 0):
 garbage-first heap   total 195584K, used 148878K [0x0000000080000000, 0x0000000100000000)
  region size 1024K, 49 young (50176K), 3 survivors (3072K)
 Metaspace       used 93958K, capacity 95966K, committed 96284K, reserved 1132544K
  class space    used 12037K, capacity 12817K, committed 12928K, reserved 1048576K
}
Event: 48.902 GC heap after
{Heap after GC invocations=57 (full 0):
 garbage-first heap   total 195584K, used 102029K [0x0000000080000000, 0x0000000100000000)
  region size 1024K, 3 young (3072K), 3 survivors (3072K)
 Metaspace       used 93958K, capacity 95966K, committed 96284K, reserved 1132544K
  class space    used 12037K, capacity 12817K, committed 12928K, reserved 1048576K
}
Event: 56.498 GC heap before
{Heap before GC invocations=58 (full 0):
 garbage-first heap   total 195584K, used 135821K [0x0000000080000000, 0x0000000100000000)
  region size 1024K, 52 young (53248K), 3 survivors (3072K)
 Metaspace       used 95054K, capacity 97187K, committed 97436K, reserved 1134592K
  class space    used 12125K, capacity 12934K, committed 13056K, reserved 1048576K
}
Event: 56.600 GC heap after
{Heap after GC invocations=59 (full 0):
 garbage-first heap   total 294912K, used 89815K [0x0000000080000000, 0x0000000100000000)
  region size 1024K, 6 young (6144K), 6 survivors (6144K)
 Metaspace       used 95054K, capacity 97187K, committed 97436K, reserved 1134592K
  class space    used 12125K, capacity 12934K, committed 13056K, reserved 1048576K
}
Event: 66.657 GC heap before
{Heap before GC invocations=59 (full 0):
 garbage-first heap   total 294912K, used 160471K [0x0000000080000000, 0x0000000100000000)
  region size 1024K, 76 young (77824K), 6 survivors (6144K)
 Metaspace       used 96277K, capacity 98482K, committed 98716K, reserved 1134592K
  class space    used 12207K, capacity 13032K, committed 13056K, reserved 1048576K
}
Event: 66.733 GC heap after
{Heap after GC invocations=60 (full 0):
 garbage-first heap   total 294912K, used 92733K [0x0000000080000000, 0x0000000100000000)
  region size 1024K, 7 young (7168K), 7 survivors (7168K)
 Metaspace       used 96277K, capacity 98482K, committed 98716K, reserved 1134592K
  class space    used 12207K, capacity 13032K, committed 13056K, reserved 1048576K
}
Event: 94.662 GC heap before
{Heap before GC invocations=60 (full 0):
 garbage-first heap   total 294912K, used 174653K [0x0000000080000000, 0x0000000100000000)
  region size 1024K, 88 young (90112K), 7 survivors (7168K)
 Metaspace       used 97554K, capacity 99752K, committed 99868K, reserved 1136640K
  class space    used 12272K, capacity 13116K, committed 13184K, reserved 1048576K
}
Event: 95.116 GC heap after
{Heap after GC invocations=61 (full 0):
 garbage-first heap   total 294912K, used 100864K [0x0000000080000000, 0x0000000100000000)
  region size 1024K, 11 young (11264K), 11 survivors (11264K)
 Metaspace       used 97554K, capacity 99752K, committed 99868K, reserved 1136640K
  class space    used 12272K, capacity 13116K, committed 13184K, reserved 1048576K
}

