# JRE version: OpenJDK Runtime Environment (11.0.11+9) (build 11.0.11+9-b60-7590822)
# Java VM: OpenJDK 64-Bit Server VM (11.0.11+9-b60-7590822, mixed mode, tiered, compressed oops, g1 gc, windows-amd64)
Heap:
 garbage-first heap   total 197632K, used 123993K [0x0000000080000000, 0x0000000100000000)
  region size 1024K, 44 young (45056K), 8 survivors (8192K)
 Metaspace       used 93311K, capacity 95648K, committed 95952K, reserved 1132544K
  class space    used 12106K, capacity 12986K, committed 13056K, reserved 1048576K
GC Heap History (20 events):
Event: 33.234 GC heap before
{Heap before GC invocations=44 (full 0):
 garbage-first heap   total 114688K, used 86479K [0x0000000080000000, 0x0000000100000000)
  region size 1024K, 28 young (28672K), 3 survivors (3072K)
 Metaspace       used 67216K, capacity 68619K, committed 68688K, reserved 1110016K
  class space    used 8505K, capacity 9072K, committed 9088K, reserved 1048576K
}
Event: 33.250 GC heap after
{Heap after GC invocations=45 (full 0):
 garbage-first heap   total 114688K, used 63065K [0x0000000080000000, 0x0000000100000000)
  region size 1024K, 4 young (4096K), 4 survivors (4096K)
 Metaspace       used 67216K, capacity 68619K, committed 68688K, reserved 1110016K
  class space    used 8505K, capacity 9072K, committed 9088K, reserved 1048576K
}
Event: 34.326 GC heap before
{Heap before GC invocations=46 (full 0):
 garbage-first heap   total 114688K, used 89689K [0x0000000080000000, 0x0000000100000000)
  region size 1024K, 30 young (30720K), 4 survivors (4096K)
 Metaspace       used 67930K, capacity 69427K, committed 69584K, reserved 1110016K
  class space    used 8570K, capacity 9172K, committed 9216K, reserved 1048576K
}
Event: 34.349 GC heap after
{Heap after GC invocations=47 (full 0):
 garbage-first heap   total 114688K, used 65030K [0x0000000080000000, 0x0000000100000000)
  region size 1024K, 4 young (4096K), 4 survivors (4096K)
 Metaspace       used 67930K, capacity 69427K, committed 69584K, reserved 1110016K
  class space    used 8570K, capacity 9172K, committed 9216K, reserved 1048576K
}
Event: 35.954 GC heap before
{Heap before GC invocations=47 (full 0):
 garbage-first heap   total 114688K, used 89606K [0x0000000080000000, 0x0000000100000000)
  region size 1024K, 29 young (29696K), 4 survivors (4096K)
 Metaspace       used 71154K, capacity 72721K, committed 73040K, reserved 1112064K
  class space    used 9153K, capacity 9757K, committed 9856K, reserved 1048576K
}
Event: 36.050 GC heap after
{Heap after GC invocations=48 (full 0):
 garbage-first heap   total 138240K, used 67173K [0x0000000080000000, 0x0000000100000000)
  region size 1024K, 2 young (2048K), 2 survivors (2048K)
 Metaspace       used 71154K, capacity 72721K, committed 73040K, reserved 1112064K
  class space    used 9153K, capacity 9757K, committed 9856K, reserved 1048576K
}
Event: 38.784 GC heap before
{Heap before GC invocations=49 (full 0):
 garbage-first heap   total 138240K, used 100965K [0x0000000080000000, 0x0000000100000000)
  region size 1024K, 35 young (35840K), 2 survivors (2048K)
 Metaspace       used 74241K, capacity 75873K, committed 76112K, reserved 1116160K
  class space    used 9590K, capacity 10244K, committed 10368K, reserved 1048576K
}
Event: 38.810 GC heap after
{Heap after GC invocations=50 (full 0):
 garbage-first heap   total 138240K, used 69233K [0x0000000080000000, 0x0000000100000000)
  region size 1024K, 4 young (4096K), 4 survivors (4096K)
 Metaspace       used 74241K, capacity 75873K, committed 76112K, reserved 1116160K
  class space    used 9590K, capacity 10244K, committed 10368K, reserved 1048576K
}
Event: 41.476 GC heap before
{Heap before GC invocations=50 (full 0):
 garbage-first heap   total 138240K, used 104049K [0x0000000080000000, 0x0000000100000000)
  region size 1024K, 38 young (38912K), 4 survivors (4096K)
 Metaspace       used 77041K, capacity 78622K, committed 78672K, reserved 1118208K
  class space    used 9971K, capacity 10614K, committed 10624K, reserved 1048576K
}
Event: 41.516 GC heap after
{Heap after GC invocations=51 (full 0):
 garbage-first heap   total 138240K, used 71550K [0x0000000080000000, 0x0000000100000000)
  region size 1024K, 5 young (5120K), 5 survivors (5120K)
 Metaspace       used 77041K, capacity 78622K, committed 78672K, reserved 1118208K
  class space    used 9971K, capacity 10614K, committed 10624K, reserved 1048576K
}
Event: 45.790 GC heap before
{Heap before GC invocations=52 (full 0):
 garbage-first heap   total 138240K, used 106366K [0x0000000080000000, 0x0000000100000000)
  region size 1024K, 39 young (39936K), 5 survivors (5120K)
 Metaspace       used 81142K, capacity 82920K, committed 83152K, reserved 1122304K
  class space    used 10525K, capacity 11220K, committed 11264K, reserved 1048576K
}
Event: 45.846 GC heap after
{Heap after GC invocations=53 (full 0):
 garbage-first heap   total 138240K, used 73552K [0x0000000080000000, 0x0000000100000000)
  region size 1024K, 5 young (5120K), 5 survivors (5120K)
 Metaspace       used 81142K, capacity 82920K, committed 83152K, reserved 1122304K
  class space    used 10525K, capacity 11220K, committed 11264K, reserved 1048576K
}
Event: 51.771 GC heap before
{Heap before GC invocations=53 (full 0):
 garbage-first heap   total 138240K, used 108368K [0x0000000080000000, 0x0000000100000000)
  region size 1024K, 39 young (39936K), 5 survivors (5120K)
 Metaspace       used 83820K, capacity 85783K, committed 85968K, reserved 1124352K
  class space    used 10936K, capacity 11701K, committed 11776K, reserved 1048576K
}
Event: 51.827 GC heap after
{Heap after GC invocations=54 (full 0):
 garbage-first heap   total 197632K, used 76443K [0x0000000080000000, 0x0000000100000000)
  region size 1024K, 5 young (5120K), 5 survivors (5120K)
 Metaspace       used 83820K, capacity 85783K, committed 85968K, reserved 1124352K
  class space    used 10936K, capacity 11701K, committed 11776K, reserved 1048576K
}
Event: 55.079 GC heap before
{Heap before GC invocations=55 (full 0):
 garbage-first heap   total 197632K, used 131739K [0x0000000080000000, 0x0000000100000000)
  region size 1024K, 60 young (61440K), 5 survivors (5120K)
 Metaspace       used 84401K, capacity 86407K, committed 86480K, reserved 1124352K
  class space    used 10964K, capacity 11768K, committed 11776K, reserved 1048576K
}
Event: 55.121 GC heap after
{Heap after GC invocations=56 (full 0):
 garbage-first heap   total 197632K, used 80454K [0x0000000080000000, 0x0000000100000000)
  region size 1024K, 7 young (7168K), 7 survivors (7168K)
 Metaspace       used 84401K, capacity 86407K, committed 86480K, reserved 1124352K
  class space    used 10964K, capacity 11768K, committed 11776K, reserved 1048576K
}
Event: 61.234 GC heap before
{Heap before GC invocations=56 (full 0):
 garbage-first heap   total 197632K, used 141894K [0x0000000080000000, 0x0000000100000000)
  region size 1024K, 68 young (69632K), 7 survivors (7168K)
 Metaspace       used 85472K, capacity 87497K, committed 87632K, reserved 1124352K
  class space    used 11066K, capacity 11861K, committed 11904K, reserved 1048576K
}
Event: 61.289 GC heap after
{Heap after GC invocations=57 (full 0):
 garbage-first heap   total 197632K, used 85259K [0x0000000080000000, 0x0000000100000000)
  region size 1024K, 9 young (9216K), 9 survivors (9216K)
 Metaspace       used 85472K, capacity 87497K, committed 87632K, reserved 1124352K
  class space    used 11066K, capacity 11861K, committed 11904K, reserved 1048576K
}
Event: 64.837 GC heap before
{Heap before GC invocations=57 (full 0):
 garbage-first heap   total 197632K, used 152843K [0x0000000080000000, 0x0000000100000000)
  region size 1024K, 75 young (76800K), 9 survivors (9216K)
 Metaspace       used 90308K, capacity 92364K, committed 92624K, reserved 1130496K
  class space    used 11666K, capacity 12438K, committed 12544K, reserved 1048576K
}
Event: 64.888 GC heap after
{Heap after GC invocations=58 (full 0):
 garbage-first heap   total 197632K, used 88153K [0x0000000080000000, 0x0000000100000000)
  region size 1024K, 8 young (8192K), 8 survivors (8192K)
 Metaspace       used 90308K, capacity 92364K, committed 92624K, reserved 1130496K
  class space    used 11666K, capacity 12438K, committed 12544K, reserved 1048576K
}

