# JRE version: OpenJDK Runtime Environment (11.0.11+9) (build 11.0.11+9-b60-7590822)
# Java VM: OpenJDK 64-Bit Server VM (11.0.11+9-b60-7590822, mixed mode, tiered, compressed oops, g1 gc, windows-amd64)
Heap:
 garbage-first heap   total 287744K, used 144137K [0x0000000080000000, 0x0000000100000000)
  region size 1024K, 6 young (6144K), 5 survivors (5120K)
 Metaspace       used 113877K, capacity 117479K, committed 117760K, reserved 1150976K
  class space    used 14554K, capacity 15781K, committed 15872K, reserved 1048576K
GC Heap History (20 events):
Event: 24.456 GC heap before
{Heap before GC invocations=47 (full 0):
 garbage-first heap   total 199680K, used 154311K [0x0000000080000000, 0x0000000100000000)
  region size 1024K, 56 young (57344K), 5 survivors (5120K)
 Metaspace       used 85009K, capacity 87237K, committed 87424K, reserved 1124352K
  class space    used 11036K, capacity 11841K, committed 11904K, reserved 1048576K
}
Event: 24.482 GC heap after
{Heap after GC invocations=48 (full 0):
 garbage-first heap   total 199680K, used 110267K [0x0000000080000000, 0x0000000100000000)
  region size 1024K, 8 young (8192K), 8 survivors (8192K)
 Metaspace       used 85009K, capacity 87237K, committed 87424K, reserved 1124352K
  class space    used 11036K, capacity 11841K, committed 11904K, reserved 1048576K
}
Event: 25.550 GC heap before
{Heap before GC invocations=49 (full 0):
 garbage-first heap   total 199680K, used 161467K [0x0000000080000000, 0x0000000100000000)
  region size 1024K, 57 young (58368K), 8 survivors (8192K)
 Metaspace       used 91695K, capacity 94003K, committed 94208K, reserved 1130496K
  class space    used 11860K, capacity 12673K, committed 12800K, reserved 1048576K
}
Event: 25.567 GC heap after
{Heap after GC invocations=50 (full 0):
 garbage-first heap   total 239616K, used 112422K [0x0000000080000000, 0x0000000100000000)
  region size 1024K, 3 young (3072K), 3 survivors (3072K)
 Metaspace       used 91695K, capacity 94003K, committed 94208K, reserved 1130496K
  class space    used 11860K, capacity 12673K, committed 12800K, reserved 1048576K
}
Event: 27.195 GC heap before
{Heap before GC invocations=50 (full 0):
 garbage-first heap   total 239616K, used 175910K [0x0000000080000000, 0x0000000100000000)
  region size 1024K, 66 young (67584K), 3 survivors (3072K)
 Metaspace       used 95897K, capacity 98372K, committed 98560K, reserved 1134592K
  class space    used 12378K, capacity 13238K, committed 13312K, reserved 1048576K
}
Event: 27.213 GC heap after
{Heap after GC invocations=51 (full 0):
 garbage-first heap   total 239616K, used 117538K [0x0000000080000000, 0x0000000100000000)
  region size 1024K, 8 young (8192K), 8 survivors (8192K)
 Metaspace       used 95897K, capacity 98372K, committed 98560K, reserved 1134592K
  class space    used 12378K, capacity 13238K, committed 13312K, reserved 1048576K
}
Event: 28.937 GC heap before
{Heap before GC invocations=52 (full 0):
 garbage-first heap   total 239616K, used 189218K [0x0000000080000000, 0x0000000100000000)
  region size 1024K, 79 young (80896K), 8 survivors (8192K)
 Metaspace       used 97252K, capacity 99688K, committed 99968K, reserved 1136640K
  class space    used 12509K, capacity 13377K, committed 13440K, reserved 1048576K
}
Event: 28.969 GC heap after
{Heap after GC invocations=53 (full 0):
 garbage-first heap   total 239616K, used 121601K [0x0000000080000000, 0x0000000100000000)
  region size 1024K, 5 young (5120K), 5 survivors (5120K)
 Metaspace       used 97252K, capacity 99688K, committed 99968K, reserved 1136640K
  class space    used 12509K, capacity 13377K, committed 13440K, reserved 1048576K
}
Event: 30.470 GC heap before
{Heap before GC invocations=53 (full 0):
 garbage-first heap   total 239616K, used 192257K [0x0000000080000000, 0x0000000100000000)
  region size 1024K, 75 young (76800K), 5 survivors (5120K)
 Metaspace       used 102041K, capacity 104739K, committed 104832K, reserved 1140736K
  class space    used 13152K, capacity 14122K, committed 14208K, reserved 1048576K
}
Event: 30.492 GC heap after
{Heap after GC invocations=54 (full 0):
 garbage-first heap   total 239616K, used 125386K [0x0000000080000000, 0x0000000100000000)
  region size 1024K, 8 young (8192K), 8 survivors (8192K)
 Metaspace       used 102041K, capacity 104739K, committed 104832K, reserved 1140736K
  class space    used 13152K, capacity 14122K, committed 14208K, reserved 1048576K
}
Event: 31.473 GC heap before
{Heap before GC invocations=55 (full 0):
 garbage-first heap   total 239616K, used 197066K [0x0000000080000000, 0x0000000100000000)
  region size 1024K, 78 young (79872K), 8 survivors (8192K)
 Metaspace       used 106784K, capacity 109368K, committed 109824K, reserved 1144832K
  class space    used 13715K, capacity 14679K, committed 14848K, reserved 1048576K
}
Event: 31.507 GC heap after
{Heap after GC invocations=56 (full 0):
 garbage-first heap   total 287744K, used 129049K [0x0000000080000000, 0x0000000100000000)
  region size 1024K, 8 young (8192K), 8 survivors (8192K)
 Metaspace       used 106784K, capacity 109368K, committed 109824K, reserved 1144832K
  class space    used 13715K, capacity 14679K, committed 14848K, reserved 1048576K
}
Event: 106.733 GC heap before
{Heap before GC invocations=56 (full 0):
 garbage-first heap   total 287744K, used 218137K [0x0000000080000000, 0x0000000100000000)
  region size 1024K, 95 young (97280K), 8 survivors (8192K)
 Metaspace       used 110814K, capacity 114035K, committed 114176K, reserved 1148928K
  class space    used 14206K, capacity 15322K, committed 15360K, reserved 1048576K
}
Event: 107.282 GC heap after
{Heap after GC invocations=57 (full 0):
 garbage-first heap   total 287744K, used 133802K [0x0000000080000000, 0x0000000100000000)
  region size 1024K, 9 young (9216K), 9 survivors (9216K)
 Metaspace       used 110814K, capacity 114035K, committed 114176K, reserved 1148928K
  class space    used 14206K, capacity 15322K, committed 15360K, reserved 1048576K
}
Event: 115.938 GC heap before
{Heap before GC invocations=57 (full 0):
 garbage-first heap   total 287744K, used 194218K [0x0000000080000000, 0x0000000100000000)
  region size 1024K, 69 young (70656K), 9 survivors (9216K)
 Metaspace       used 112897K, capacity 116159K, committed 116224K, reserved 1150976K
  class space    used 14456K, capacity 15586K, committed 15616K, reserved 1048576K
}
Event: 116.091 GC heap after
{Heap after GC invocations=58 (full 0):
 garbage-first heap   total 287744K, used 138792K [0x0000000080000000, 0x0000000100000000)
  region size 1024K, 9 young (9216K), 9 survivors (9216K)
 Metaspace       used 112897K, capacity 116159K, committed 116224K, reserved 1150976K
  class space    used 14456K, capacity 15586K, committed 15616K, reserved 1048576K
}
Event: 122.368 GC heap before
{Heap before GC invocations=58 (full 0):
 garbage-first heap   total 287744K, used 164392K [0x0000000080000000, 0x0000000100000000)
  region size 1024K, 34 young (34816K), 9 survivors (9216K)
 Metaspace       used 113130K, capacity 116357K, committed 116480K, reserved 1150976K
  class space    used 14465K, capacity 15601K, committed 15616K, reserved 1048576K
}
Event: 122.647 GC heap after
{Heap after GC invocations=59 (full 0):
 garbage-first heap   total 287744K, used 142102K [0x0000000080000000, 0x0000000100000000)
  region size 1024K, 3 young (3072K), 3 survivors (3072K)
 Metaspace       used 113130K, capacity 116357K, committed 116480K, reserved 1150976K
  class space    used 14465K, capacity 15601K, committed 15616K, reserved 1048576K
}
Event: 133.531 GC heap before
{Heap before GC invocations=60 (full 0):
 garbage-first heap   total 287744K, used 177942K [0x0000000080000000, 0x0000000100000000)
  region size 1024K, 38 young (38912K), 3 survivors (3072K)
 Metaspace       used 113871K, capacity 117476K, committed 117760K, reserved 1150976K
  class space    used 14553K, capacity 15780K, committed 15872K, reserved 1048576K
}
Event: 133.635 GC heap after
{Heap after GC invocations=61 (full 0):
 garbage-first heap   total 287744K, used 144137K [0x0000000080000000, 0x0000000100000000)
  region size 1024K, 5 young (5120K), 5 survivors (5120K)
 Metaspace       used 113871K, capacity 117476K, committed 117760K, reserved 1150976K
  class space    used 14553K, capacity 15780K, committed 15872K, reserved 1048576K
}

