# JRE version: OpenJDK Runtime Environment (11.0.11+9) (build 11.0.11+9-b60-7590822)
# Java VM: OpenJDK 64-Bit Server VM (11.0.11+9-b60-7590822, mixed mode, tiered, compressed oops, g1 gc, windows-amd64)
Heap:
 garbage-first heap   total 225280K, used 162794K [0x0000000080000000, 0x0000000100000000)
  region size 1024K, 24 young (24576K), 1 survivors (1024K)
 Metaspace       used 118572K, capacity 121956K, committed 122268K, reserved 1155072K
  class space    used 15275K, capacity 16557K, committed 16640K, reserved 1048576K
GC Heap History (20 events):
Event: 718.714 GC heap before
{Heap before GC invocations=55 (full 0):
 garbage-first heap   total 225280K, used 148505K [0x0000000080000000, 0x0000000100000000)
  region size 1024K, 49 young (50176K), 4 survivors (4096K)
 Metaspace       used 105200K, capacity 107956K, committed 108188K, reserved 1142784K
  class space    used 13508K, capacity 14540K, committed 14592K, reserved 1048576K
}
Event: 718.786 GC heap after
{Heap after GC invocations=56 (full 0):
 garbage-first heap   total 225280K, used 105514K [0x0000000080000000, 0x0000000100000000)
  region size 1024K, 7 young (7168K), 7 survivors (7168K)
 Metaspace       used 105200K, capacity 107956K, committed 108188K, reserved 1142784K
  class space    used 13508K, capacity 14540K, committed 14592K, reserved 1048576K
}
Event: 721.147 GC heap before
{Heap before GC invocations=57 (full 0):
 garbage-first heap   total 225280K, used 133162K [0x0000000080000000, 0x0000000100000000)
  region size 1024K, 34 young (34816K), 7 survivors (7168K)
 Metaspace       used 107290K, capacity 110092K, committed 110364K, reserved 1144832K
  class space    used 13789K, capacity 14860K, committed 14976K, reserved 1048576K
}
Event: 721.235 GC heap after
{Heap after GC invocations=58 (full 0):
 garbage-first heap   total 225280K, used 108028K [0x0000000080000000, 0x0000000100000000)
  region size 1024K, 5 young (5120K), 5 survivors (5120K)
 Metaspace       used 107290K, capacity 110092K, committed 110364K, reserved 1144832K
  class space    used 13789K, capacity 14860K, committed 14976K, reserved 1048576K
}
Event: 721.774 GC heap before
{Heap before GC invocations=58 (full 0):
 garbage-first heap   total 225280K, used 114172K [0x0000000080000000, 0x0000000100000000)
  region size 1024K, 11 young (11264K), 5 survivors (5120K)
 Metaspace       used 107752K, capacity 110539K, committed 110620K, reserved 1144832K
  class space    used 13852K, capacity 14903K, committed 14976K, reserved 1048576K
}
Event: 721.803 GC heap after
{Heap after GC invocations=59 (full 0):
 garbage-first heap   total 225280K, used 108767K [0x0000000080000000, 0x0000000100000000)
  region size 1024K, 2 young (2048K), 2 survivors (2048K)
 Metaspace       used 107752K, capacity 110539K, committed 110620K, reserved 1144832K
  class space    used 13852K, capacity 14903K, committed 14976K, reserved 1048576K
}
Event: 724.741 GC heap before
{Heap before GC invocations=59 (full 0):
 garbage-first heap   total 225280K, used 171231K [0x0000000080000000, 0x0000000100000000)
  region size 1024K, 64 young (65536K), 2 survivors (2048K)
 Metaspace       used 114378K, capacity 117447K, committed 117660K, reserved 1150976K
  class space    used 14858K, capacity 16070K, committed 16128K, reserved 1048576K
}
Event: 724.838 GC heap after
{Heap after GC invocations=60 (full 0):
 garbage-first heap   total 225280K, used 119000K [0x0000000080000000, 0x0000000100000000)
  region size 1024K, 8 young (8192K), 8 survivors (8192K)
 Metaspace       used 114378K, capacity 117447K, committed 117660K, reserved 1150976K
  class space    used 14858K, capacity 16070K, committed 16128K, reserved 1048576K
}
Event: 729.742 GC heap before
{Heap before GC invocations=61 (full 0):
 garbage-first heap   total 225280K, used 157912K [0x0000000080000000, 0x0000000100000000)
  region size 1024K, 46 young (47104K), 8 survivors (8192K)
 Metaspace       used 116739K, capacity 119954K, committed 119964K, reserved 1153024K
  class space    used 15119K, capacity 16383K, committed 16384K, reserved 1048576K
}
Event: 729.825 GC heap after
{Heap after GC invocations=62 (full 0):
 garbage-first heap   total 225280K, used 121650K [0x0000000080000000, 0x0000000100000000)
  region size 1024K, 3 young (3072K), 3 survivors (3072K)
 Metaspace       used 116739K, capacity 119954K, committed 119964K, reserved 1153024K
  class space    used 15119K, capacity 16383K, committed 16384K, reserved 1048576K
}
Event: 730.267 GC heap before
{Heap before GC invocations=62 (full 0):
 garbage-first heap   total 225280K, used 129842K [0x0000000080000000, 0x0000000100000000)
  region size 1024K, 11 young (11264K), 3 survivors (3072K)
 Metaspace       used 117313K, capacity 120656K, committed 120860K, reserved 1153024K
  class space    used 15197K, capacity 16485K, committed 16512K, reserved 1048576K
}
Event: 730.303 GC heap after
{Heap after GC invocations=63 (full 0):
 garbage-first heap   total 225280K, used 121686K [0x0000000080000000, 0x0000000100000000)
  region size 1024K, 1 young (1024K), 1 survivors (1024K)
 Metaspace       used 117313K, capacity 120656K, committed 120860K, reserved 1153024K
  class space    used 15197K, capacity 16485K, committed 16512K, reserved 1048576K
}
Event: 732.054 GC heap before
{Heap before GC invocations=63 (full 0):
 garbage-first heap   total 225280K, used 172886K [0x0000000080000000, 0x0000000100000000)
  region size 1024K, 52 young (53248K), 1 survivors (1024K)
 Metaspace       used 118205K, capacity 121589K, committed 121756K, reserved 1155072K
  class space    used 15314K, capacity 16638K, committed 16640K, reserved 1048576K
}
Event: 732.127 GC heap after
{Heap after GC invocations=64 (full 0):
 garbage-first heap   total 225280K, used 125746K [0x0000000080000000, 0x0000000100000000)
  region size 1024K, 5 young (5120K), 5 survivors (5120K)
 Metaspace       used 118205K, capacity 121589K, committed 121756K, reserved 1155072K
  class space    used 15314K, capacity 16638K, committed 16640K, reserved 1048576K
}
Event: 735.487 GC heap before
{Heap before GC invocations=64 (full 0):
 garbage-first heap   total 225280K, used 175922K [0x0000000080000000, 0x0000000100000000)
  region size 1024K, 55 young (56320K), 5 survivors (5120K)
 Metaspace       used 118373K, capacity 121722K, committed 122012K, reserved 1155072K
  class space    used 15268K, capacity 16552K, committed 16640K, reserved 1048576K
}
Event: 735.610 GC heap after
{Heap after GC invocations=65 (full 0):
 garbage-first heap   total 225280K, used 127608K [0x0000000080000000, 0x0000000100000000)
  region size 1024K, 3 young (3072K), 3 survivors (3072K)
 Metaspace       used 118373K, capacity 121722K, committed 122012K, reserved 1155072K
  class space    used 15268K, capacity 16552K, committed 16640K, reserved 1048576K
}
Event: 738.427 GC heap before
{Heap before GC invocations=66 (full 0):
 garbage-first heap   total 225280K, used 177784K [0x0000000080000000, 0x0000000100000000)
  region size 1024K, 53 young (54272K), 3 survivors (3072K)
 Metaspace       used 118475K, capacity 121864K, committed 122268K, reserved 1155072K
  class space    used 15271K, capacity 16553K, committed 16640K, reserved 1048576K
}
Event: 738.458 GC heap after
{Heap after GC invocations=67 (full 0):
 garbage-first heap   total 225280K, used 128399K [0x0000000080000000, 0x0000000100000000)
  region size 1024K, 4 young (4096K), 4 survivors (4096K)
 Metaspace       used 118475K, capacity 121864K, committed 122268K, reserved 1155072K
  class space    used 15271K, capacity 16553K, committed 16640K, reserved 1048576K
}
Event: 738.785 GC heap before
{Heap before GC invocations=67 (full 0):
 garbage-first heap   total 225280K, used 135567K [0x0000000080000000, 0x0000000100000000)
  region size 1024K, 11 young (11264K), 4 survivors (4096K)
 Metaspace       used 118516K, capacity 121873K, committed 122268K, reserved 1155072K
  class space    used 15271K, capacity 16553K, committed 16640K, reserved 1048576K
}
Event: 738.854 GC heap after
{Heap after GC invocations=68 (full 0):
 garbage-first heap   total 225280K, used 125930K [0x0000000080000000, 0x0000000100000000)
  region size 1024K, 1 young (1024K), 1 survivors (1024K)
 Metaspace       used 118516K, capacity 121873K, committed 122268K, reserved 1155072K
  class space    used 15271K, capacity 16553K, committed 16640K, reserved 1048576K
}

